2025-05-30 14:58:31,497 [ERROR] error processing bipartite1.edgelist: name 'deque' is not defined
Traceback (most recent call last):
  File "/mnt/c/Users/olala/Desktop/sem_6/prosemi/graph_sparsification/src/graph_pipeline/experiments/run_experiments.py", line 69, in main
    H, elapsed = timed_fn(G, rho)
  File "/mnt/c/Users/olala/Desktop/sem_6/prosemi/graph_sparsification/src/graph_pipeline/utils/timer.py", line 18, in wrapper
    result = func(*args, **kwargs)
  File "/mnt/c/Users/olala/Desktop/sem_6/prosemi/graph_sparsification/src/graph_pipeline/sparsifiers/kols.py", line 41, in sparsify
    queue = deque([start])
NameError: name 'deque' is not defined
2025-05-30 14:58:31,524 [ERROR] error processing bipartite2.edgelist: name 'deque' is not defined
Traceback (most recent call last):
  File "/mnt/c/Users/olala/Desktop/sem_6/prosemi/graph_sparsification/src/graph_pipeline/experiments/run_experiments.py", line 69, in main
    H, elapsed = timed_fn(G, rho)
  File "/mnt/c/Users/olala/Desktop/sem_6/prosemi/graph_sparsification/src/graph_pipeline/utils/timer.py", line 18, in wrapper
    result = func(*args, **kwargs)
  File "/mnt/c/Users/olala/Desktop/sem_6/prosemi/graph_sparsification/src/graph_pipeline/sparsifiers/kols.py", line 41, in sparsify
    queue = deque([start])
NameError: name 'deque' is not defined
2025-05-30 14:58:31,539 [ERROR] error processing bipartite3.edgelist: name 'deque' is not defined
Traceback (most recent call last):
  File "/mnt/c/Users/olala/Desktop/sem_6/prosemi/graph_sparsification/src/graph_pipeline/experiments/run_experiments.py", line 69, in main
    H, elapsed = timed_fn(G, rho)
  File "/mnt/c/Users/olala/Desktop/sem_6/prosemi/graph_sparsification/src/graph_pipeline/utils/timer.py", line 18, in wrapper
    result = func(*args, **kwargs)
  File "/mnt/c/Users/olala/Desktop/sem_6/prosemi/graph_sparsification/src/graph_pipeline/sparsifiers/kols.py", line 41, in sparsify
    queue = deque([start])
NameError: name 'deque' is not defined
2025-05-30 14:58:31,553 [ERROR] error processing bipartite4.edgelist: name 'deque' is not defined
Traceback (most recent call last):
  File "/mnt/c/Users/olala/Desktop/sem_6/prosemi/graph_sparsification/src/graph_pipeline/experiments/run_experiments.py", line 69, in main
    H, elapsed = timed_fn(G, rho)
  File "/mnt/c/Users/olala/Desktop/sem_6/prosemi/graph_sparsification/src/graph_pipeline/utils/timer.py", line 18, in wrapper
    result = func(*args, **kwargs)
  File "/mnt/c/Users/olala/Desktop/sem_6/prosemi/graph_sparsification/src/graph_pipeline/sparsifiers/kols.py", line 41, in sparsify
    queue = deque([start])
NameError: name 'deque' is not defined
2025-05-30 14:58:31,569 [ERROR] error processing bipartite5.edgelist: name 'deque' is not defined
Traceback (most recent call last):
  File "/mnt/c/Users/olala/Desktop/sem_6/prosemi/graph_sparsification/src/graph_pipeline/experiments/run_experiments.py", line 69, in main
    H, elapsed = timed_fn(G, rho)
  File "/mnt/c/Users/olala/Desktop/sem_6/prosemi/graph_sparsification/src/graph_pipeline/utils/timer.py", line 18, in wrapper
    result = func(*args, **kwargs)
  File "/mnt/c/Users/olala/Desktop/sem_6/prosemi/graph_sparsification/src/graph_pipeline/sparsifiers/kols.py", line 41, in sparsify
    queue = deque([start])
NameError: name 'deque' is not defined
2025-05-30 14:58:37,992 [ERROR] error processing directed1.edgelist: name 'deque' is not defined
Traceback (most recent call last):
  File "/mnt/c/Users/olala/Desktop/sem_6/prosemi/graph_sparsification/src/graph_pipeline/experiments/run_experiments.py", line 69, in main
    H, elapsed = timed_fn(G, rho)
  File "/mnt/c/Users/olala/Desktop/sem_6/prosemi/graph_sparsification/src/graph_pipeline/utils/timer.py", line 18, in wrapper
    result = func(*args, **kwargs)
  File "/mnt/c/Users/olala/Desktop/sem_6/prosemi/graph_sparsification/src/graph_pipeline/sparsifiers/kols.py", line 41, in sparsify
    queue = deque([start])
NameError: name 'deque' is not defined
2025-05-30 14:58:38,006 [ERROR] error processing directed2.edgelist: name 'deque' is not defined
Traceback (most recent call last):
  File "/mnt/c/Users/olala/Desktop/sem_6/prosemi/graph_sparsification/src/graph_pipeline/experiments/run_experiments.py", line 69, in main
    H, elapsed = timed_fn(G, rho)
  File "/mnt/c/Users/olala/Desktop/sem_6/prosemi/graph_sparsification/src/graph_pipeline/utils/timer.py", line 18, in wrapper
    result = func(*args, **kwargs)
  File "/mnt/c/Users/olala/Desktop/sem_6/prosemi/graph_sparsification/src/graph_pipeline/sparsifiers/kols.py", line 41, in sparsify
    queue = deque([start])
NameError: name 'deque' is not defined
2025-05-30 14:58:38,018 [ERROR] error processing directed3.edgelist: name 'deque' is not defined
Traceback (most recent call last):
  File "/mnt/c/Users/olala/Desktop/sem_6/prosemi/graph_sparsification/src/graph_pipeline/experiments/run_experiments.py", line 69, in main
    H, elapsed = timed_fn(G, rho)
  File "/mnt/c/Users/olala/Desktop/sem_6/prosemi/graph_sparsification/src/graph_pipeline/utils/timer.py", line 18, in wrapper
    result = func(*args, **kwargs)
  File "/mnt/c/Users/olala/Desktop/sem_6/prosemi/graph_sparsification/src/graph_pipeline/sparsifiers/kols.py", line 41, in sparsify
    queue = deque([start])
NameError: name 'deque' is not defined
2025-05-30 14:58:38,031 [ERROR] error processing directed4.edgelist: name 'deque' is not defined
Traceback (most recent call last):
  File "/mnt/c/Users/olala/Desktop/sem_6/prosemi/graph_sparsification/src/graph_pipeline/experiments/run_experiments.py", line 69, in main
    H, elapsed = timed_fn(G, rho)
  File "/mnt/c/Users/olala/Desktop/sem_6/prosemi/graph_sparsification/src/graph_pipeline/utils/timer.py", line 18, in wrapper
    result = func(*args, **kwargs)
  File "/mnt/c/Users/olala/Desktop/sem_6/prosemi/graph_sparsification/src/graph_pipeline/sparsifiers/kols.py", line 41, in sparsify
    queue = deque([start])
NameError: name 'deque' is not defined
2025-05-30 14:58:38,044 [ERROR] error processing directed5.edgelist: name 'deque' is not defined
Traceback (most recent call last):
  File "/mnt/c/Users/olala/Desktop/sem_6/prosemi/graph_sparsification/src/graph_pipeline/experiments/run_experiments.py", line 69, in main
    H, elapsed = timed_fn(G, rho)
  File "/mnt/c/Users/olala/Desktop/sem_6/prosemi/graph_sparsification/src/graph_pipeline/utils/timer.py", line 18, in wrapper
    result = func(*args, **kwargs)
  File "/mnt/c/Users/olala/Desktop/sem_6/prosemi/graph_sparsification/src/graph_pipeline/sparsifiers/kols.py", line 41, in sparsify
    queue = deque([start])
NameError: name 'deque' is not defined
2025-05-30 14:58:41,931 [ERROR] error processing undirected1.edgelist: name 'deque' is not defined
Traceback (most recent call last):
  File "/mnt/c/Users/olala/Desktop/sem_6/prosemi/graph_sparsification/src/graph_pipeline/experiments/run_experiments.py", line 69, in main
    H, elapsed = timed_fn(G, rho)
  File "/mnt/c/Users/olala/Desktop/sem_6/prosemi/graph_sparsification/src/graph_pipeline/utils/timer.py", line 18, in wrapper
    result = func(*args, **kwargs)
  File "/mnt/c/Users/olala/Desktop/sem_6/prosemi/graph_sparsification/src/graph_pipeline/sparsifiers/kols.py", line 41, in sparsify
    queue = deque([start])
NameError: name 'deque' is not defined
2025-05-30 14:58:41,944 [ERROR] error processing undirected2.edgelist: name 'deque' is not defined
Traceback (most recent call last):
  File "/mnt/c/Users/olala/Desktop/sem_6/prosemi/graph_sparsification/src/graph_pipeline/experiments/run_experiments.py", line 69, in main
    H, elapsed = timed_fn(G, rho)
  File "/mnt/c/Users/olala/Desktop/sem_6/prosemi/graph_sparsification/src/graph_pipeline/utils/timer.py", line 18, in wrapper
    result = func(*args, **kwargs)
  File "/mnt/c/Users/olala/Desktop/sem_6/prosemi/graph_sparsification/src/graph_pipeline/sparsifiers/kols.py", line 41, in sparsify
    queue = deque([start])
NameError: name 'deque' is not defined
2025-05-30 14:58:41,957 [ERROR] error processing undirected3.edgelist: name 'deque' is not defined
Traceback (most recent call last):
  File "/mnt/c/Users/olala/Desktop/sem_6/prosemi/graph_sparsification/src/graph_pipeline/experiments/run_experiments.py", line 69, in main
    H, elapsed = timed_fn(G, rho)
  File "/mnt/c/Users/olala/Desktop/sem_6/prosemi/graph_sparsification/src/graph_pipeline/utils/timer.py", line 18, in wrapper
    result = func(*args, **kwargs)
  File "/mnt/c/Users/olala/Desktop/sem_6/prosemi/graph_sparsification/src/graph_pipeline/sparsifiers/kols.py", line 41, in sparsify
    queue = deque([start])
NameError: name 'deque' is not defined
2025-05-30 14:58:41,969 [ERROR] error processing undirected4.edgelist: name 'deque' is not defined
Traceback (most recent call last):
  File "/mnt/c/Users/olala/Desktop/sem_6/prosemi/graph_sparsification/src/graph_pipeline/experiments/run_experiments.py", line 69, in main
    H, elapsed = timed_fn(G, rho)
  File "/mnt/c/Users/olala/Desktop/sem_6/prosemi/graph_sparsification/src/graph_pipeline/utils/timer.py", line 18, in wrapper
    result = func(*args, **kwargs)
  File "/mnt/c/Users/olala/Desktop/sem_6/prosemi/graph_sparsification/src/graph_pipeline/sparsifiers/kols.py", line 41, in sparsify
    queue = deque([start])
NameError: name 'deque' is not defined
2025-05-30 14:58:41,981 [ERROR] error processing undirected5.edgelist: name 'deque' is not defined
Traceback (most recent call last):
  File "/mnt/c/Users/olala/Desktop/sem_6/prosemi/graph_sparsification/src/graph_pipeline/experiments/run_experiments.py", line 69, in main
    H, elapsed = timed_fn(G, rho)
  File "/mnt/c/Users/olala/Desktop/sem_6/prosemi/graph_sparsification/src/graph_pipeline/utils/timer.py", line 18, in wrapper
    result = func(*args, **kwargs)
  File "/mnt/c/Users/olala/Desktop/sem_6/prosemi/graph_sparsification/src/graph_pipeline/sparsifiers/kols.py", line 41, in sparsify
    queue = deque([start])
NameError: name 'deque' is not defined
2025-05-30 14:58:44,675 [ERROR] error processing unweighted1.edgelist: name 'deque' is not defined
Traceback (most recent call last):
  File "/mnt/c/Users/olala/Desktop/sem_6/prosemi/graph_sparsification/src/graph_pipeline/experiments/run_experiments.py", line 69, in main
    H, elapsed = timed_fn(G, rho)
  File "/mnt/c/Users/olala/Desktop/sem_6/prosemi/graph_sparsification/src/graph_pipeline/utils/timer.py", line 18, in wrapper
    result = func(*args, **kwargs)
  File "/mnt/c/Users/olala/Desktop/sem_6/prosemi/graph_sparsification/src/graph_pipeline/sparsifiers/kols.py", line 41, in sparsify
    queue = deque([start])
NameError: name 'deque' is not defined
2025-05-30 14:58:44,690 [ERROR] error processing unweighted2.edgelist: name 'deque' is not defined
Traceback (most recent call last):
  File "/mnt/c/Users/olala/Desktop/sem_6/prosemi/graph_sparsification/src/graph_pipeline/experiments/run_experiments.py", line 69, in main
    H, elapsed = timed_fn(G, rho)
  File "/mnt/c/Users/olala/Desktop/sem_6/prosemi/graph_sparsification/src/graph_pipeline/utils/timer.py", line 18, in wrapper
    result = func(*args, **kwargs)
  File "/mnt/c/Users/olala/Desktop/sem_6/prosemi/graph_sparsification/src/graph_pipeline/sparsifiers/kols.py", line 41, in sparsify
    queue = deque([start])
NameError: name 'deque' is not defined
2025-05-30 14:58:44,704 [ERROR] error processing unweighted3.edgelist: name 'deque' is not defined
Traceback (most recent call last):
  File "/mnt/c/Users/olala/Desktop/sem_6/prosemi/graph_sparsification/src/graph_pipeline/experiments/run_experiments.py", line 69, in main
    H, elapsed = timed_fn(G, rho)
  File "/mnt/c/Users/olala/Desktop/sem_6/prosemi/graph_sparsification/src/graph_pipeline/utils/timer.py", line 18, in wrapper
    result = func(*args, **kwargs)
  File "/mnt/c/Users/olala/Desktop/sem_6/prosemi/graph_sparsification/src/graph_pipeline/sparsifiers/kols.py", line 41, in sparsify
    queue = deque([start])
NameError: name 'deque' is not defined
2025-05-30 14:58:44,716 [ERROR] error processing unweighted4.edgelist: name 'deque' is not defined
Traceback (most recent call last):
  File "/mnt/c/Users/olala/Desktop/sem_6/prosemi/graph_sparsification/src/graph_pipeline/experiments/run_experiments.py", line 69, in main
    H, elapsed = timed_fn(G, rho)
  File "/mnt/c/Users/olala/Desktop/sem_6/prosemi/graph_sparsification/src/graph_pipeline/utils/timer.py", line 18, in wrapper
    result = func(*args, **kwargs)
  File "/mnt/c/Users/olala/Desktop/sem_6/prosemi/graph_sparsification/src/graph_pipeline/sparsifiers/kols.py", line 41, in sparsify
    queue = deque([start])
NameError: name 'deque' is not defined
2025-05-30 14:58:44,727 [ERROR] error processing unweighted5.edgelist: name 'deque' is not defined
Traceback (most recent call last):
  File "/mnt/c/Users/olala/Desktop/sem_6/prosemi/graph_sparsification/src/graph_pipeline/experiments/run_experiments.py", line 69, in main
    H, elapsed = timed_fn(G, rho)
  File "/mnt/c/Users/olala/Desktop/sem_6/prosemi/graph_sparsification/src/graph_pipeline/utils/timer.py", line 18, in wrapper
    result = func(*args, **kwargs)
  File "/mnt/c/Users/olala/Desktop/sem_6/prosemi/graph_sparsification/src/graph_pipeline/sparsifiers/kols.py", line 41, in sparsify
    queue = deque([start])
NameError: name 'deque' is not defined
2025-05-31 16:00:16,622 [ERROR] error processing directed2.edgelist: 5
Traceback (most recent call last):
  File "/mnt/c/Users/olala/Desktop/sem_6/prosemi/graph_sparsification/src/graph_pipeline/experiments/run_experiments.py", line 72, in main
    H, elapsed = timed_fn(G, rho)
  File "/mnt/c/Users/olala/Desktop/sem_6/prosemi/graph_sparsification/src/graph_pipeline/utils/timer.py", line 18, in wrapper
    result = func(*args, **kwargs)
  File "/mnt/c/Users/olala/Desktop/sem_6/prosemi/graph_sparsification/src/graph_pipeline/sparsifiers/kols.py", line 71, in sparsify
    og_weight = G[u][v].get('weight', 1)
  File "/home/kols/.local/lib/python3.10/site-packages/networkx/classes/coreviews.py", line 54, in __getitem__
    return self._atlas[key]
KeyError: 5
2025-05-31 16:00:16,649 [ERROR] error processing directed5.edgelist: 4
Traceback (most recent call last):
  File "/mnt/c/Users/olala/Desktop/sem_6/prosemi/graph_sparsification/src/graph_pipeline/experiments/run_experiments.py", line 72, in main
    H, elapsed = timed_fn(G, rho)
  File "/mnt/c/Users/olala/Desktop/sem_6/prosemi/graph_sparsification/src/graph_pipeline/utils/timer.py", line 18, in wrapper
    result = func(*args, **kwargs)
  File "/mnt/c/Users/olala/Desktop/sem_6/prosemi/graph_sparsification/src/graph_pipeline/sparsifiers/kols.py", line 71, in sparsify
    og_weight = G[u][v].get('weight', 1)
  File "/home/kols/.local/lib/python3.10/site-packages/networkx/classes/coreviews.py", line 54, in __getitem__
    return self._atlas[key]
KeyError: 4
